<?xml version="1.0" encoding="UTF-8"?>
<!-- Generated by org.testng.reporters.JUnitXMLReporter -->
<testsuite ignored="0" hostname="INW1PF0MPW4J" failures="0" tests="2" name="TestAutomationTaskShivakanth" time="1.961" errors="0" timestamp="27 Jun 2018 08:08:23 GMT">
  <testcase classname="org.Billie.Test.ValidateComment" name="verifyPresenceOfComment" time="0.0"/>
  <testcase classname="org.Billie.Test.VerifyCommentCounts" name="verifyCommentCountForID" time="0.0"/>
</testsuite> <!-- TestAutomationTaskShivakanth -->
