<?xml version="1.0" encoding="UTF-8"?>
<!-- Generated by org.testng.reporters.JUnitXMLReporter -->
<testsuite ignored="0" hostname="INW1PF0MPW4J" failures="0" tests="2" name="TestAutomationTaskShivakanth" time="4.244" errors="0" timestamp="26 Jun 2018 22:24:06 GMT">
  <testcase classname="org.Billie.Test.ValidateComment" name="verifyPresenceOfComment" time="0.0"/>
  <testcase classname="org.Billie.Test.VerifyCommentCounts" name="verifyCommentCountForID" time="0.016"/>
</testsuite> <!-- TestAutomationTaskShivakanth -->
